Using pre-set license
Built from '2020.3/staging' branch; Version is '2020.3.0f1 (c7b5465681fb) revision 13088070'; Using compiler version '192528614'; Build Type 'Release'
OS: 'Windows 10 Pro; OS build 19042.985; Version 2009; 64bit' Language: 'ru' Physical Memory: 16334 MB
BatchMode: 1, IsHumanControllingUs: 0, StartBugReporterOnCrash: 0, Is64bit: 1, IsPro: 0

 COMMAND LINE ARGUMENTS:
D:\Unity\2020.3.0f1\Editor\Unity.exe
-adb2
-batchMode
-noUpm
-name
AssetImportWorker2
-projectPath
D:/UnityProjects/2021-test-1
-logFile
Logs/AssetImportWorker2.log
-srvPort
55437
Successfully changed project path to: D:/UnityProjects/2021-test-1
D:/UnityProjects/2021-test-1
Using Asset Import Pipeline V2.
Refreshing native plugins compatible for Editor in 38.30 ms, found 0 plugins.
Preloading 0 native plugins for Editor in 0.00 ms.
Initialize engine version: 2020.3.0f1 (c7b5465681fb)
[Subsystems] Discovering subsystems at path D:/Unity/2020.3.0f1/Editor/Data/Resources/UnitySubsystems
[Subsystems] Discovering subsystems at path D:/UnityProjects/2021-test-1/Assets
GfxDevice: creating device client; threaded=0
Direct3D:
    Version:  Direct3D 11.0 [level 11.0]
    Renderer: NVIDIA GeForce GTX 760 (ID=0x1187)
    Vendor:   
    VRAM:     2007 MB
    Driver:   27.21.14.6647
Initialize mono
Mono path[0] = 'D:/Unity/2020.3.0f1/Editor/Data/Managed'
Mono path[1] = 'D:/Unity/2020.3.0f1/Editor/Data/MonoBleedingEdge/lib/mono/unityjit'
Mono config path = 'D:/Unity/2020.3.0f1/Editor/Data/MonoBleedingEdge/etc'
Using monoOptions --debugger-agent=transport=dt_socket,embedding=1,server=y,suspend=n,address=127.0.0.1:56384
Begin MonoManager ReloadAssembly
Registering precompiled unity dll's ...
Register platform support module: D:/Unity/2020.3.0f1/Editor/Data/PlaybackEngines/WindowsStandaloneSupport/UnityEditor.WindowsStandalone.Extensions.dll
Registered in 0.000787 seconds.
Native extension for WindowsStandalone target not found
Refreshing native plugins compatible for Editor in 39.60 ms, found 0 plugins.
Preloading 0 native plugins for Editor in 0.00 ms.
Invoked RoslynAnalysisRunner static constructor.
RoslynAnalysisRunner will not be running.
RoslynAnalysisRunner has terminated.
Mono: successfully reloaded assembly
- Completed reload, in  1.360 seconds
Platform modules already initialized, skipping
Registering precompiled user dll's ...
Registered in 0.000695 seconds.
Begin MonoManager ReloadAssembly
Native extension for WindowsStandalone target not found
Refreshing native plugins compatible for Editor in 44.50 ms, found 0 plugins.
Preloading 0 native plugins for Editor in 0.00 ms.
Invoked RoslynAnalysisRunner static constructor.
RoslynAnalysisRunner will not be running.
RoslynAnalysisRunner has terminated.
Mono: successfully reloaded assembly
- Completed reload, in  0.813 seconds
Platform modules already initialized, skipping
========================================================================
Worker process is ready to serve import requests
Shader 'Universal Render Pipeline/Particles/Lit': fallback shader 'Universal Render Pipeline/Particles/SimpleLit' not found
Shader 'Universal Render Pipeline/Particles/Lit': fallback shader 'Universal Render Pipeline/Particles/SimpleLit' not found
Launched and connected shader compiler UnityShaderCompiler.exe after 0.16 seconds
Refreshing native plugins compatible for Editor in 0.51 ms, found 0 plugins.
Preloading 0 native plugins for Editor in 0.00 ms.
Unloading 2491 Unused Serialized files (Serialized files now loaded: 0)
System memory in use before: 114.9 MB.
System memory in use after: 111.8 MB.

Unloading 61 unused Assets to reduce memory usage. Loaded Objects now: 2885.
Total: 3.311500 ms (FindLiveObjects: 0.257900 ms CreateObjectMapping: 0.064500 ms MarkObjects: 1.673300 ms  DeleteObjects: 1.314800 ms)

========================================================================
Received Prepare
Registering precompiled user dll's ...
Registered in 0.000744 seconds.
Begin MonoManager ReloadAssembly
Native extension for WindowsStandalone target not found
Refreshing native plugins compatible for Editor in 0.48 ms, found 0 plugins.
Preloading 0 native plugins for Editor in 0.00 ms.
Invoked RoslynAnalysisRunner static constructor.
RoslynAnalysisRunner will not be running.
RoslynAnalysisRunner has terminated.
Mono: successfully reloaded assembly
- Completed reload, in  0.714 seconds
Platform modules already initialized, skipping
Shader 'Universal Render Pipeline/Particles/Lit': fallback shader 'Universal Render Pipeline/Particles/SimpleLit' not found
Shader 'Universal Render Pipeline/Particles/Lit': fallback shader 'Universal Render Pipeline/Particles/SimpleLit' not found
Refreshing native plugins compatible for Editor in 0.44 ms, found 0 plugins.
Preloading 0 native plugins for Editor in 0.00 ms.
Unloading 2454 Unused Serialized files (Serialized files now loaded: 0)
System memory in use before: 112.5 MB.
System memory in use after: 109.4 MB.

Unloading 56 unused Assets to reduce memory usage. Loaded Objects now: 2888.
Total: 3.328200 ms (FindLiveObjects: 0.236300 ms CreateObjectMapping: 0.064200 ms MarkObjects: 1.450800 ms  DeleteObjects: 1.576000 ms)

========================================================================
Received Import Request.
  path: Assets/Prefabs/Pistol.prefab
  artifactKey: Guid(ba0ef85e15634744e99111672686554e) Importer(815301076,1909f56bfc062723c751e8b465ee728b)
Start importing Assets/Prefabs/Pistol.prefab using Guid(ba0ef85e15634744e99111672686554e) Importer(815301076,1909f56bfc062723c751e8b465ee728b)  -> (artifact id: 'f1f42d698d96e3d0b9c07e156aae8649') in 0.147633 seconds
  Import took 0.151456 seconds .

========================================================================
Received Import Request.
  Time since last request: 0.000175 seconds.
  path: Assets/Prefabs/Player.prefab
  artifactKey: Guid(687857478bc8fc44ca04a2ef85fe53fb) Importer(815301076,1909f56bfc062723c751e8b465ee728b)
Start importing Assets/Prefabs/Player.prefab using Guid(687857478bc8fc44ca04a2ef85fe53fb) Importer(815301076,1909f56bfc062723c751e8b465ee728b)  -> (artifact id: '03e4e0299d9f4714488f8797be835eb8') in 0.018773 seconds
  Import took 0.022427 seconds .

========================================================================
Received Import Request.
  Time since last request: 0.000160 seconds.
  path: Assets/Prefabs/Enemy.prefab
  artifactKey: Guid(5798e379b4ca804468a847e0511197cc) Importer(815301076,1909f56bfc062723c751e8b465ee728b)
Start importing Assets/Prefabs/Enemy.prefab using Guid(5798e379b4ca804468a847e0511197cc) Importer(815301076,1909f56bfc062723c751e8b465ee728b)  -> (artifact id: 'e666a6005c5073b5f09c8297b0f044ea') in 0.014581 seconds
  Import took 0.017789 seconds .

========================================================================
Received Import Request.
  Time since last request: 0.000166 seconds.
  path: Assets/Prefabs/Bullet.prefab
  artifactKey: Guid(cc087ad422dfb1f44a20d61966140a1c) Importer(815301076,1909f56bfc062723c751e8b465ee728b)
Start importing Assets/Prefabs/Bullet.prefab using Guid(cc087ad422dfb1f44a20d61966140a1c) Importer(815301076,1909f56bfc062723c751e8b465ee728b)  -> (artifact id: '1fd56fb330cffb576b632b6083df711d') in 0.008904 seconds
  Import took 0.027660 seconds .

========================================================================
Received Import Request.
  Time since last request: 0.548716 seconds.
  path: Assets/Prefabs/Bullet.prefab
  artifactKey: Guid(cc087ad422dfb1f44a20d61966140a1c) Importer(815301076,1909f56bfc062723c751e8b465ee728b)
Start importing Assets/Prefabs/Bullet.prefab using Guid(cc087ad422dfb1f44a20d61966140a1c) Importer(815301076,1909f56bfc062723c751e8b465ee728b)  -> (artifact id: '1fd56fb330cffb576b632b6083df711d') in 0.005968 seconds
  Import took 0.009411 seconds .

========================================================================
Received Prepare
Registering precompiled user dll's ...
Registered in 0.000835 seconds.
Begin MonoManager ReloadAssembly
Native extension for WindowsStandalone target not found
Refreshing native plugins compatible for Editor in 0.44 ms, found 0 plugins.
Preloading 0 native plugins for Editor in 0.00 ms.
Invoked RoslynAnalysisRunner static constructor.
RoslynAnalysisRunner will not be running.
RoslynAnalysisRunner has terminated.
Mono: successfully reloaded assembly
- Completed reload, in  0.704 seconds
Platform modules already initialized, skipping
Shader 'Universal Render Pipeline/Particles/Lit': fallback shader 'Universal Render Pipeline/Particles/SimpleLit' not found
Shader 'Universal Render Pipeline/Particles/Lit': fallback shader 'Universal Render Pipeline/Particles/SimpleLit' not found
Refreshing native plugins compatible for Editor in 0.44 ms, found 0 plugins.
Preloading 0 native plugins for Editor in 0.00 ms.
Unloading 2454 Unused Serialized files (Serialized files now loaded: 0)
System memory in use before: 115.6 MB.
System memory in use after: 112.5 MB.

Unloading 56 unused Assets to reduce memory usage. Loaded Objects now: 2898.
Total: 3.313200 ms (FindLiveObjects: 0.234300 ms CreateObjectMapping: 0.064600 ms MarkObjects: 1.481500 ms  DeleteObjects: 1.531700 ms)

========================================================================
Received Prepare
Registering precompiled user dll's ...
Registered in 0.000867 seconds.
Begin MonoManager ReloadAssembly
Native extension for WindowsStandalone target not found
Refreshing native plugins compatible for Editor in 0.42 ms, found 0 plugins.
Preloading 0 native plugins for Editor in 0.00 ms.
Invoked RoslynAnalysisRunner static constructor.
RoslynAnalysisRunner will not be running.
RoslynAnalysisRunner has terminated.
Mono: successfully reloaded assembly
- Completed reload, in  0.665 seconds
Platform modules already initialized, skipping
Shader 'Universal Render Pipeline/Particles/Lit': fallback shader 'Universal Render Pipeline/Particles/SimpleLit' not found
Shader 'Universal Render Pipeline/Particles/Lit': fallback shader 'Universal Render Pipeline/Particles/SimpleLit' not found
Refreshing native plugins compatible for Editor in 0.43 ms, found 0 plugins.
Preloading 0 native plugins for Editor in 0.00 ms.
Unloading 2454 Unused Serialized files (Serialized files now loaded: 0)
System memory in use before: 115.6 MB.
System memory in use after: 112.5 MB.

Unloading 56 unused Assets to reduce memory usage. Loaded Objects now: 2901.
Total: 3.500200 ms (FindLiveObjects: 0.256800 ms CreateObjectMapping: 0.062900 ms MarkObjects: 1.633100 ms  DeleteObjects: 1.546300 ms)

========================================================================
Received Import Request.
  Time since last request: 34.129540 seconds.
  path: Assets/Prefabs/Player.prefab
  artifactKey: Guid(687857478bc8fc44ca04a2ef85fe53fb) Importer(815301076,1909f56bfc062723c751e8b465ee728b)
Start importing Assets/Prefabs/Player.prefab using Guid(687857478bc8fc44ca04a2ef85fe53fb) Importer(815301076,1909f56bfc062723c751e8b465ee728b)  -> (artifact id: '3a463826441cd3bbac6eb2ddb8124f05') in 0.055288 seconds
  Import took 0.059011 seconds .

========================================================================
Received Import Request.
  Time since last request: 1.853065 seconds.
  path: Assets/Prefabs/Player.prefab
  artifactKey: Guid(687857478bc8fc44ca04a2ef85fe53fb) Importer(815301076,1909f56bfc062723c751e8b465ee728b)
Start importing Assets/Prefabs/Player.prefab using Guid(687857478bc8fc44ca04a2ef85fe53fb) Importer(815301076,1909f56bfc062723c751e8b465ee728b)  -> (artifact id: '3a463826441cd3bbac6eb2ddb8124f05') in 0.027275 seconds
  Import took 0.031095 seconds .

========================================================================
Received Prepare
Registering precompiled user dll's ...
Registered in 0.000921 seconds.
Begin MonoManager ReloadAssembly
Native extension for WindowsStandalone target not found
Refreshing native plugins compatible for Editor in 0.43 ms, found 0 plugins.
Preloading 0 native plugins for Editor in 0.00 ms.
Invoked RoslynAnalysisRunner static constructor.
RoslynAnalysisRunner will not be running.
RoslynAnalysisRunner has terminated.
Mono: successfully reloaded assembly
- Completed reload, in  0.692 seconds
Platform modules already initialized, skipping
Shader 'Universal Render Pipeline/Particles/Lit': fallback shader 'Universal Render Pipeline/Particles/SimpleLit' not found
Shader 'Universal Render Pipeline/Particles/Lit': fallback shader 'Universal Render Pipeline/Particles/SimpleLit' not found
Refreshing native plugins compatible for Editor in 0.42 ms, found 0 plugins.
Preloading 0 native plugins for Editor in 0.00 ms.
Unloading 2454 Unused Serialized files (Serialized files now loaded: 0)
System memory in use before: 115.6 MB.
System memory in use after: 112.6 MB.

Unloading 56 unused Assets to reduce memory usage. Loaded Objects now: 2905.
Total: 3.657200 ms (FindLiveObjects: 0.241200 ms CreateObjectMapping: 0.062100 ms MarkObjects: 1.647800 ms  DeleteObjects: 1.705100 ms)

========================================================================
Received Import Request.
  Time since last request: 61.839962 seconds.
  path: Assets/Prefabs/Enemy.prefab
  artifactKey: Guid(5798e379b4ca804468a847e0511197cc) Importer(815301076,1909f56bfc062723c751e8b465ee728b)
Start importing Assets/Prefabs/Enemy.prefab using Guid(5798e379b4ca804468a847e0511197cc) Importer(815301076,1909f56bfc062723c751e8b465ee728b)  -> (artifact id: 'addd64aff766e7134ec142d27b5d7323') in 0.049631 seconds
  Import took 0.064293 seconds .

========================================================================
Received Import Request.
  Time since last request: 23.995833 seconds.
  path: Assets/Scripts/Health.cs
  artifactKey: Guid(3fa6d2dc248503349a3446a20d9e8fa9) Importer(815301076,1909f56bfc062723c751e8b465ee728b)
Start importing Assets/Scripts/Health.cs using Guid(3fa6d2dc248503349a3446a20d9e8fa9) Importer(815301076,1909f56bfc062723c751e8b465ee728b)  -> (artifact id: '631bf2de27bdda54c99b86aeb6f9cad1') in 0.006861 seconds
  Import took 0.029977 seconds .

========================================================================
Received Prepare
Registering precompiled user dll's ...
Registered in 0.000986 seconds.
Begin MonoManager ReloadAssembly
Native extension for WindowsStandalone target not found
Refreshing native plugins compatible for Editor in 0.46 ms, found 0 plugins.
Preloading 0 native plugins for Editor in 0.00 ms.
Invoked RoslynAnalysisRunner static constructor.
RoslynAnalysisRunner will not be running.
RoslynAnalysisRunner has terminated.
Mono: successfully reloaded assembly
- Completed reload, in  0.713 seconds
Platform modules already initialized, skipping
Shader 'Universal Render Pipeline/Particles/Lit': fallback shader 'Universal Render Pipeline/Particles/SimpleLit' not found
Shader 'Universal Render Pipeline/Particles/Lit': fallback shader 'Universal Render Pipeline/Particles/SimpleLit' not found
Refreshing native plugins compatible for Editor in 0.45 ms, found 0 plugins.
Preloading 0 native plugins for Editor in 0.00 ms.
Unloading 2455 Unused Serialized files (Serialized files now loaded: 0)
System memory in use before: 115.6 MB.
System memory in use after: 112.5 MB.

Unloading 56 unused Assets to reduce memory usage. Loaded Objects now: 2910.
Total: 3.429900 ms (FindLiveObjects: 0.218400 ms CreateObjectMapping: 0.062100 ms MarkObjects: 1.453900 ms  DeleteObjects: 1.694400 ms)

========================================================================
Received Prepare
Registering precompiled user dll's ...
Registered in 0.000897 seconds.
Begin MonoManager ReloadAssembly
Native extension for WindowsStandalone target not found
Refreshing native plugins compatible for Editor in 0.43 ms, found 0 plugins.
Preloading 0 native plugins for Editor in 0.00 ms.
Invoked RoslynAnalysisRunner static constructor.
RoslynAnalysisRunner will not be running.
RoslynAnalysisRunner has terminated.
Mono: successfully reloaded assembly
- Completed reload, in  0.684 seconds
Platform modules already initialized, skipping
Shader 'Universal Render Pipeline/Particles/Lit': fallback shader 'Universal Render Pipeline/Particles/SimpleLit' not found
Shader 'Universal Render Pipeline/Particles/Lit': fallback shader 'Universal Render Pipeline/Particles/SimpleLit' not found
Refreshing native plugins compatible for Editor in 0.41 ms, found 0 plugins.
Preloading 0 native plugins for Editor in 0.00 ms.
Unloading 2455 Unused Serialized files (Serialized files now loaded: 0)
System memory in use before: 115.7 MB.
System memory in use after: 112.6 MB.

Unloading 56 unused Assets to reduce memory usage. Loaded Objects now: 2913.
Total: 3.727200 ms (FindLiveObjects: 0.249100 ms CreateObjectMapping: 0.065800 ms MarkObjects: 1.495400 ms  DeleteObjects: 1.915900 ms)

========================================================================
Received Import Request.
  Time since last request: 23.084084 seconds.
  path: Assets/Scripts/Health.cs
  artifactKey: Guid(3fa6d2dc248503349a3446a20d9e8fa9) Importer(815301076,1909f56bfc062723c751e8b465ee728b)
Start importing Assets/Scripts/Health.cs using Guid(3fa6d2dc248503349a3446a20d9e8fa9) Importer(815301076,1909f56bfc062723c751e8b465ee728b)  -> (artifact id: 'e0b98e6173d0c498c0eb9ca48d5957d2') in 0.004113 seconds
  Import took 0.020784 seconds .

========================================================================
Received Prepare
Registering precompiled user dll's ...
Registered in 0.000948 seconds.
Begin MonoManager ReloadAssembly
Native extension for WindowsStandalone target not found
Refreshing native plugins compatible for Editor in 0.43 ms, found 0 plugins.
Preloading 0 native plugins for Editor in 0.00 ms.
Invoked RoslynAnalysisRunner static constructor.
RoslynAnalysisRunner will not be running.
RoslynAnalysisRunner has terminated.
Mono: successfully reloaded assembly
- Completed reload, in  0.695 seconds
Platform modules already initialized, skipping
Shader 'Universal Render Pipeline/Particles/Lit': fallback shader 'Universal Render Pipeline/Particles/SimpleLit' not found
Shader 'Universal Render Pipeline/Particles/Lit': fallback shader 'Universal Render Pipeline/Particles/SimpleLit' not found
Refreshing native plugins compatible for Editor in 0.44 ms, found 0 plugins.
Preloading 0 native plugins for Editor in 0.00 ms.
Unloading 2455 Unused Serialized files (Serialized files now loaded: 0)
System memory in use before: 115.7 MB.
System memory in use after: 112.6 MB.

Unloading 56 unused Assets to reduce memory usage. Loaded Objects now: 2916.
Total: 4.579400 ms (FindLiveObjects: 0.375000 ms CreateObjectMapping: 0.088100 ms MarkObjects: 2.003800 ms  DeleteObjects: 2.111500 ms)

========================================================================
Received Prepare
Registering precompiled user dll's ...
Registered in 0.000890 seconds.
Begin MonoManager ReloadAssembly
Native extension for WindowsStandalone target not found
Refreshing native plugins compatible for Editor in 0.43 ms, found 0 plugins.
Preloading 0 native plugins for Editor in 0.00 ms.
Invoked RoslynAnalysisRunner static constructor.
RoslynAnalysisRunner will not be running.
RoslynAnalysisRunner has terminated.
Mono: successfully reloaded assembly
- Completed reload, in  0.691 seconds
Platform modules already initialized, skipping
Shader 'Universal Render Pipeline/Particles/Lit': fallback shader 'Universal Render Pipeline/Particles/SimpleLit' not found
Shader 'Universal Render Pipeline/Particles/Lit': fallback shader 'Universal Render Pipeline/Particles/SimpleLit' not found
Refreshing native plugins compatible for Editor in 0.43 ms, found 0 plugins.
Preloading 0 native plugins for Editor in 0.00 ms.
Unloading 2455 Unused Serialized files (Serialized files now loaded: 0)
System memory in use before: 115.7 MB.
System memory in use after: 112.6 MB.

Unloading 56 unused Assets to reduce memory usage. Loaded Objects now: 2919.
Total: 3.946600 ms (FindLiveObjects: 0.297600 ms CreateObjectMapping: 0.072900 ms MarkObjects: 1.743800 ms  DeleteObjects: 1.830800 ms)

========================================================================
Received Import Request.
  Time since last request: 309.071712 seconds.
  path: Assets/Scripts/Health.cs
  artifactKey: Guid(3fa6d2dc248503349a3446a20d9e8fa9) Importer(815301076,1909f56bfc062723c751e8b465ee728b)
Start importing Assets/Scripts/Health.cs using Guid(3fa6d2dc248503349a3446a20d9e8fa9) Importer(815301076,1909f56bfc062723c751e8b465ee728b)  -> (artifact id: '42af9e4fdf8c8a9d70093b0606ce305b') in 0.004112 seconds
  Import took 0.007706 seconds .

========================================================================
Received Import Request.
  Time since last request: 24.350347 seconds.
  path: Assets/Scripts/PlayFlowControl.cs
  artifactKey: Guid(d4faa4b12d6c12049b42e076d3f92094) Importer(815301076,1909f56bfc062723c751e8b465ee728b)
Start importing Assets/Scripts/PlayFlowControl.cs using Guid(d4faa4b12d6c12049b42e076d3f92094) Importer(815301076,1909f56bfc062723c751e8b465ee728b)  -> (artifact id: '34c71d5c49269407bbb45abc65a8696a') in 0.005128 seconds
  Import took 0.008815 seconds .

========================================================================
Received Prepare
Registering precompiled user dll's ...
Registered in 0.001159 seconds.
Begin MonoManager ReloadAssembly
Native extension for WindowsStandalone target not found
Refreshing native plugins compatible for Editor in 0.42 ms, found 0 plugins.
Preloading 0 native plugins for Editor in 0.00 ms.
Invoked RoslynAnalysisRunner static constructor.
RoslynAnalysisRunner will not be running.
RoslynAnalysisRunner has terminated.
Mono: successfully reloaded assembly
- Completed reload, in  0.722 seconds
Platform modules already initialized, skipping
Shader 'Universal Render Pipeline/Particles/Lit': fallback shader 'Universal Render Pipeline/Particles/SimpleLit' not found
Shader 'Universal Render Pipeline/Particles/Lit': fallback shader 'Universal Render Pipeline/Particles/SimpleLit' not found
Refreshing native plugins compatible for Editor in 0.46 ms, found 0 plugins.
Preloading 0 native plugins for Editor in 0.00 ms.
Unloading 2456 Unused Serialized files (Serialized files now loaded: 0)
System memory in use before: 115.7 MB.
System memory in use after: 112.6 MB.

Unloading 56 unused Assets to reduce memory usage. Loaded Objects now: 2923.
Total: 3.908600 ms (FindLiveObjects: 0.246700 ms CreateObjectMapping: 0.063500 ms MarkObjects: 1.925700 ms  DeleteObjects: 1.671400 ms)

========================================================================
Received Prepare
Registering precompiled user dll's ...
Registered in 0.000923 seconds.
Begin MonoManager ReloadAssembly
Native extension for WindowsStandalone target not found
Refreshing native plugins compatible for Editor in 0.50 ms, found 0 plugins.
Preloading 0 native plugins for Editor in 0.00 ms.
Invoked RoslynAnalysisRunner static constructor.
RoslynAnalysisRunner will not be running.
RoslynAnalysisRunner has terminated.
Mono: successfully reloaded assembly
- Completed reload, in  0.684 seconds
Platform modules already initialized, skipping
Shader 'Universal Render Pipeline/Particles/Lit': fallback shader 'Universal Render Pipeline/Particles/SimpleLit' not found
Shader 'Universal Render Pipeline/Particles/Lit': fallback shader 'Universal Render Pipeline/Particles/SimpleLit' not found
Refreshing native plugins compatible for Editor in 0.46 ms, found 0 plugins.
Preloading 0 native plugins for Editor in 0.00 ms.
Unloading 2456 Unused Serialized files (Serialized files now loaded: 0)
System memory in use before: 115.6 MB.
System memory in use after: 112.6 MB.

Unloading 56 unused Assets to reduce memory usage. Loaded Objects now: 2926.
Total: 4.058000 ms (FindLiveObjects: 0.268500 ms CreateObjectMapping: 0.156200 ms MarkObjects: 1.816900 ms  DeleteObjects: 1.815100 ms)

========================================================================
Received Import Request.
  Time since last request: 255.460769 seconds.
  path: Assets/Scripts/PlayFlowControl.cs
  artifactKey: Guid(d4faa4b12d6c12049b42e076d3f92094) Importer(815301076,1909f56bfc062723c751e8b465ee728b)
Start importing Assets/Scripts/PlayFlowControl.cs using Guid(d4faa4b12d6c12049b42e076d3f92094) Importer(815301076,1909f56bfc062723c751e8b465ee728b)  -> (artifact id: '127a24844b51ebc1ee05bd0ac9558e6a') in 0.004210 seconds
  Import took 0.007528 seconds .

========================================================================
Received Prepare
Registering precompiled user dll's ...
Registered in 0.000886 seconds.
Begin MonoManager ReloadAssembly
Native extension for WindowsStandalone target not found
Refreshing native plugins compatible for Editor in 0.42 ms, found 0 plugins.
Preloading 0 native plugins for Editor in 0.00 ms.
Invoked RoslynAnalysisRunner static constructor.
RoslynAnalysisRunner will not be running.
RoslynAnalysisRunner has terminated.
Mono: successfully reloaded assembly
- Completed reload, in  0.699 seconds
Platform modules already initialized, skipping
Shader 'Universal Render Pipeline/Particles/Lit': fallback shader 'Universal Render Pipeline/Particles/SimpleLit' not found
Shader 'Universal Render Pipeline/Particles/Lit': fallback shader 'Universal Render Pipeline/Particles/SimpleLit' not found
Refreshing native plugins compatible for Editor in 0.43 ms, found 0 plugins.
Preloading 0 native plugins for Editor in 0.00 ms.
Unloading 2456 Unused Serialized files (Serialized files now loaded: 0)
System memory in use before: 115.7 MB.
System memory in use after: 112.7 MB.

Unloading 56 unused Assets to reduce memory usage. Loaded Objects now: 2929.
Total: 3.654400 ms (FindLiveObjects: 0.241400 ms CreateObjectMapping: 0.070300 ms MarkObjects: 1.758200 ms  DeleteObjects: 1.583200 ms)

========================================================================
Received Prepare
Registering precompiled user dll's ...
Registered in 0.000850 seconds.
Begin MonoManager ReloadAssembly
Native extension for WindowsStandalone target not found
Refreshing native plugins compatible for Editor in 0.44 ms, found 0 plugins.
Preloading 0 native plugins for Editor in 0.00 ms.
Invoked RoslynAnalysisRunner static constructor.
RoslynAnalysisRunner will not be running.
RoslynAnalysisRunner has terminated.
Mono: successfully reloaded assembly
- Completed reload, in  0.690 seconds
Platform modules already initialized, skipping
Shader 'Universal Render Pipeline/Particles/Lit': fallback shader 'Universal Render Pipeline/Particles/SimpleLit' not found
Shader 'Universal Render Pipeline/Particles/Lit': fallback shader 'Universal Render Pipeline/Particles/SimpleLit' not found
Refreshing native plugins compatible for Editor in 0.44 ms, found 0 plugins.
Preloading 0 native plugins for Editor in 0.00 ms.
Unloading 2456 Unused Serialized files (Serialized files now loaded: 0)
System memory in use before: 115.8 MB.
System memory in use after: 112.7 MB.

Unloading 56 unused Assets to reduce memory usage. Loaded Objects now: 2932.
Total: 3.780100 ms (FindLiveObjects: 0.246500 ms CreateObjectMapping: 0.074700 ms MarkObjects: 1.831700 ms  DeleteObjects: 1.626100 ms)

========================================================================
Received Prepare
Registering precompiled user dll's ...
Registered in 0.000871 seconds.
Begin MonoManager ReloadAssembly
Native extension for WindowsStandalone target not found
Refreshing native plugins compatible for Editor in 0.44 ms, found 0 plugins.
Preloading 0 native plugins for Editor in 0.00 ms.
Invoked RoslynAnalysisRunner static constructor.
RoslynAnalysisRunner will not be running.
RoslynAnalysisRunner has terminated.
Mono: successfully reloaded assembly
- Completed reload, in  0.667 seconds
Platform modules already initialized, skipping
Shader 'Universal Render Pipeline/Particles/Lit': fallback shader 'Universal Render Pipeline/Particles/SimpleLit' not found
Shader 'Universal Render Pipeline/Particles/Lit': fallback shader 'Universal Render Pipeline/Particles/SimpleLit' not found
Refreshing native plugins compatible for Editor in 0.46 ms, found 0 plugins.
Preloading 0 native plugins for Editor in 0.00 ms.
Unloading 2456 Unused Serialized files (Serialized files now loaded: 0)
System memory in use before: 115.8 MB.
System memory in use after: 112.7 MB.

Unloading 56 unused Assets to reduce memory usage. Loaded Objects now: 2935.
Total: 3.654900 ms (FindLiveObjects: 0.242300 ms CreateObjectMapping: 0.063900 ms MarkObjects: 1.695800 ms  DeleteObjects: 1.651600 ms)

========================================================================
Received Import Request.
  Time since last request: 1437.686135 seconds.
  path: Assets/Prefabs/Bullet.prefab
  artifactKey: Guid(cc087ad422dfb1f44a20d61966140a1c) Importer(815301076,1909f56bfc062723c751e8b465ee728b)
Start importing Assets/Prefabs/Bullet.prefab using Guid(cc087ad422dfb1f44a20d61966140a1c) Importer(815301076,1909f56bfc062723c751e8b465ee728b)  -> (artifact id: '2861ebc0ec7ab683559184077eaf330c') in 0.061548 seconds
  Import took 0.065911 seconds .

========================================================================
Received Import Request.
  Time since last request: 4.052683 seconds.
  path: Assets/Prefabs/Player.prefab
  artifactKey: Guid(687857478bc8fc44ca04a2ef85fe53fb) Importer(815301076,1909f56bfc062723c751e8b465ee728b)
Start importing Assets/Prefabs/Player.prefab using Guid(687857478bc8fc44ca04a2ef85fe53fb) Importer(815301076,1909f56bfc062723c751e8b465ee728b)  -> (artifact id: '3c69922471cc6634ea089d1e561eff8c') in 0.020975 seconds
  Import took 0.024838 seconds .

========================================================================
Received Import Request.
  Time since last request: 7.026518 seconds.
  path: Assets/Prefabs/Enemy.prefab
  artifactKey: Guid(5798e379b4ca804468a847e0511197cc) Importer(815301076,1909f56bfc062723c751e8b465ee728b)
Start importing Assets/Prefabs/Enemy.prefab using Guid(5798e379b4ca804468a847e0511197cc) Importer(815301076,1909f56bfc062723c751e8b465ee728b)  -> (artifact id: '018e11de895646e4c7811ecdde1841a6') in 0.012476 seconds
  Import took 0.028484 seconds .

========================================================================
Received Import Request.
  Time since last request: 0.001105 seconds.
  path: Assets/Prefabs/Enemy.prefab
  artifactKey: Guid(5798e379b4ca804468a847e0511197cc) Importer(815301076,1909f56bfc062723c751e8b465ee728b)
Start importing Assets/Prefabs/Enemy.prefab using Guid(5798e379b4ca804468a847e0511197cc) Importer(815301076,1909f56bfc062723c751e8b465ee728b)  -> (artifact id: '018e11de895646e4c7811ecdde1841a6') in 0.011999 seconds
  Import took 0.015229 seconds .

========================================================================
Received Prepare
Registering precompiled user dll's ...
Registered in 0.000857 seconds.
Begin MonoManager ReloadAssembly
Native extension for WindowsStandalone target not found
Refreshing native plugins compatible for Editor in 0.44 ms, found 0 plugins.
Preloading 0 native plugins for Editor in 0.00 ms.
Invoked RoslynAnalysisRunner static constructor.
RoslynAnalysisRunner will not be running.
RoslynAnalysisRunner has terminated.
Mono: successfully reloaded assembly
- Completed reload, in  0.722 seconds
Platform modules already initialized, skipping
Shader 'Universal Render Pipeline/Particles/Lit': fallback shader 'Universal Render Pipeline/Particles/SimpleLit' not found
Shader 'Universal Render Pipeline/Particles/Lit': fallback shader 'Universal Render Pipeline/Particles/SimpleLit' not found
Refreshing native plugins compatible for Editor in 0.45 ms, found 0 plugins.
Preloading 0 native plugins for Editor in 0.00 ms.
Unloading 2456 Unused Serialized files (Serialized files now loaded: 0)
System memory in use before: 115.8 MB.
System memory in use after: 112.7 MB.

Unloading 56 unused Assets to reduce memory usage. Loaded Objects now: 2939.
Total: 3.967200 ms (FindLiveObjects: 0.249000 ms CreateObjectMapping: 0.069000 ms MarkObjects: 2.014800 ms  DeleteObjects: 1.633300 ms)

========================================================================
Received Prepare
Registering precompiled user dll's ...
Registered in 0.000928 seconds.
Begin MonoManager ReloadAssembly
Native extension for WindowsStandalone target not found
Refreshing native plugins compatible for Editor in 0.41 ms, found 0 plugins.
Preloading 0 native plugins for Editor in 0.00 ms.
Invoked RoslynAnalysisRunner static constructor.
RoslynAnalysisRunner will not be running.
RoslynAnalysisRunner has terminated.
Mono: successfully reloaded assembly
- Completed reload, in  0.688 seconds
Platform modules already initialized, skipping
Shader 'Universal Render Pipeline/Particles/Lit': fallback shader 'Universal Render Pipeline/Particles/SimpleLit' not found
Shader 'Universal Render Pipeline/Particles/Lit': fallback shader 'Universal Render Pipeline/Particles/SimpleLit' not found
Refreshing native plugins compatible for Editor in 0.49 ms, found 0 plugins.
Preloading 0 native plugins for Editor in 0.00 ms.
Unloading 2456 Unused Serialized files (Serialized files now loaded: 0)
System memory in use before: 115.6 MB.
System memory in use after: 112.6 MB.

Unloading 56 unused Assets to reduce memory usage. Loaded Objects now: 2942.
Total: 3.552400 ms (FindLiveObjects: 0.226500 ms CreateObjectMapping: 0.062000 ms MarkObjects: 1.664500 ms  DeleteObjects: 1.598500 ms)

========================================================================
Received Import Request.
  Time since last request: 155.821972 seconds.
  path: Assets/Prefabs/Enemy.prefab
  artifactKey: Guid(5798e379b4ca804468a847e0511197cc) Importer(815301076,1909f56bfc062723c751e8b465ee728b)
Start importing Assets/Prefabs/Enemy.prefab using Guid(5798e379b4ca804468a847e0511197cc) Importer(815301076,1909f56bfc062723c751e8b465ee728b)  -> (artifact id: 'f061a4fa286bf5aaf3536ccac1432c5e') in 0.046337 seconds
  Import took 0.050066 seconds .

========================================================================
Received Import Request.
  Time since last request: 0.000159 seconds.
  path: Assets/Prefabs/Player.prefab
  artifactKey: Guid(687857478bc8fc44ca04a2ef85fe53fb) Importer(815301076,1909f56bfc062723c751e8b465ee728b)
Start importing Assets/Prefabs/Player.prefab using Guid(687857478bc8fc44ca04a2ef85fe53fb) Importer(815301076,1909f56bfc062723c751e8b465ee728b)  -> (artifact id: 'f0abbd5c6f69e3d1c57e0db2ae9c3191') in 0.011031 seconds
  Import took 0.014219 seconds .

========================================================================
Received Prepare
Registering precompiled user dll's ...
Registered in 0.000966 seconds.
Begin MonoManager ReloadAssembly
Native extension for WindowsStandalone target not found
Refreshing native plugins compatible for Editor in 0.48 ms, found 0 plugins.
Preloading 0 native plugins for Editor in 0.00 ms.
Invoked RoslynAnalysisRunner static constructor.
RoslynAnalysisRunner will not be running.
RoslynAnalysisRunner has terminated.
Mono: successfully reloaded assembly
- Completed reload, in  0.739 seconds
Platform modules already initialized, skipping
Shader 'Universal Render Pipeline/Particles/Lit': fallback shader 'Universal Render Pipeline/Particles/SimpleLit' not found
Shader 'Universal Render Pipeline/Particles/Lit': fallback shader 'Universal Render Pipeline/Particles/SimpleLit' not found
Refreshing native plugins compatible for Editor in 0.46 ms, found 0 plugins.
Preloading 0 native plugins for Editor in 0.00 ms.
Unloading 2456 Unused Serialized files (Serialized files now loaded: 0)
System memory in use before: 115.8 MB.
System memory in use after: 112.7 MB.

Unloading 56 unused Assets to reduce memory usage. Loaded Objects now: 2946.
Total: 3.907700 ms (FindLiveObjects: 0.265700 ms CreateObjectMapping: 0.064500 ms MarkObjects: 1.626600 ms  DeleteObjects: 1.949800 ms)

========================================================================
Received Prepare
Registering precompiled user dll's ...
Registered in 0.000918 seconds.
Begin MonoManager ReloadAssembly
Native extension for WindowsStandalone target not found
Refreshing native plugins compatible for Editor in 0.45 ms, found 0 plugins.
Preloading 0 native plugins for Editor in 0.00 ms.
Invoked RoslynAnalysisRunner static constructor.
RoslynAnalysisRunner will not be running.
RoslynAnalysisRunner has terminated.
Mono: successfully reloaded assembly
- Completed reload, in  0.690 seconds
Platform modules already initialized, skipping
Shader 'Universal Render Pipeline/Particles/Lit': fallback shader 'Universal Render Pipeline/Particles/SimpleLit' not found
Shader 'Universal Render Pipeline/Particles/Lit': fallback shader 'Universal Render Pipeline/Particles/SimpleLit' not found
Refreshing native plugins compatible for Editor in 0.43 ms, found 0 plugins.
Preloading 0 native plugins for Editor in 0.00 ms.
Unloading 2456 Unused Serialized files (Serialized files now loaded: 0)
System memory in use before: 115.8 MB.
System memory in use after: 112.7 MB.

Unloading 56 unused Assets to reduce memory usage. Loaded Objects now: 2949.
Total: 3.717500 ms (FindLiveObjects: 0.225200 ms CreateObjectMapping: 0.061800 ms MarkObjects: 1.741700 ms  DeleteObjects: 1.687800 ms)

========================================================================
Received Prepare
Registering precompiled user dll's ...
Registered in 0.000792 seconds.
Begin MonoManager ReloadAssembly
Native extension for WindowsStandalone target not found
Refreshing native plugins compatible for Editor in 0.42 ms, found 0 plugins.
Preloading 0 native plugins for Editor in 0.00 ms.
Invoked RoslynAnalysisRunner static constructor.
RoslynAnalysisRunner will not be running.
RoslynAnalysisRunner has terminated.
Mono: successfully reloaded assembly
- Completed reload, in  0.690 seconds
Platform modules already initialized, skipping
Shader 'Universal Render Pipeline/Particles/Lit': fallback shader 'Universal Render Pipeline/Particles/SimpleLit' not found
Shader 'Universal Render Pipeline/Particles/Lit': fallback shader 'Universal Render Pipeline/Particles/SimpleLit' not found
Refreshing native plugins compatible for Editor in 0.48 ms, found 0 plugins.
Preloading 0 native plugins for Editor in 0.00 ms.
Unloading 2456 Unused Serialized files (Serialized files now loaded: 0)
System memory in use before: 115.8 MB.
System memory in use after: 112.7 MB.

Unloading 56 unused Assets to reduce memory usage. Loaded Objects now: 2952.
Total: 3.573100 ms (FindLiveObjects: 0.262500 ms CreateObjectMapping: 0.069300 ms MarkObjects: 1.525100 ms  DeleteObjects: 1.715100 ms)

========================================================================
Received Prepare
Registering precompiled user dll's ...
Registered in 0.000899 seconds.
Begin MonoManager ReloadAssembly
Native extension for WindowsStandalone target not found
Refreshing native plugins compatible for Editor in 0.42 ms, found 0 plugins.
Preloading 0 native plugins for Editor in 0.00 ms.
Invoked RoslynAnalysisRunner static constructor.
RoslynAnalysisRunner will not be running.
RoslynAnalysisRunner has terminated.
Mono: successfully reloaded assembly
- Completed reload, in  0.688 seconds
Platform modules already initialized, skipping
Shader 'Universal Render Pipeline/Particles/Lit': fallback shader 'Universal Render Pipeline/Particles/SimpleLit' not found
Shader 'Universal Render Pipeline/Particles/Lit': fallback shader 'Universal Render Pipeline/Particles/SimpleLit' not found
Refreshing native plugins compatible for Editor in 0.66 ms, found 0 plugins.
Preloading 0 native plugins for Editor in 0.00 ms.
Unloading 2456 Unused Serialized files (Serialized files now loaded: 0)
System memory in use before: 115.8 MB.
System memory in use after: 112.7 MB.

Unloading 56 unused Assets to reduce memory usage. Loaded Objects now: 2955.
Total: 3.908000 ms (FindLiveObjects: 0.252100 ms CreateObjectMapping: 0.064400 ms MarkObjects: 1.918400 ms  DeleteObjects: 1.672000 ms)

========================================================================
Received Import Request.
  Time since last request: 339.515869 seconds.
  path: Assets/Prefabs/Bullet.prefab
  artifactKey: Guid(cc087ad422dfb1f44a20d61966140a1c) Importer(815301076,1909f56bfc062723c751e8b465ee728b)
Start importing Assets/Prefabs/Bullet.prefab using Guid(cc087ad422dfb1f44a20d61966140a1c) Importer(815301076,1909f56bfc062723c751e8b465ee728b)  -> (artifact id: 'e97a37b186101242c83de7eda311c186') in 0.042723 seconds
  Import took 0.046270 seconds .

========================================================================
Received Import Request.
  Time since last request: 1.675869 seconds.
  path: Assets/Prefabs/Bullet.prefab
  artifactKey: Guid(cc087ad422dfb1f44a20d61966140a1c) Importer(815301076,1909f56bfc062723c751e8b465ee728b)
Start importing Assets/Prefabs/Bullet.prefab using Guid(cc087ad422dfb1f44a20d61966140a1c) Importer(815301076,1909f56bfc062723c751e8b465ee728b)  -> (artifact id: 'e97a37b186101242c83de7eda311c186') in 0.005358 seconds
  Import took 0.008784 seconds .

========================================================================
Received Prepare
Registering precompiled user dll's ...
Registered in 0.001045 seconds.
Begin MonoManager ReloadAssembly
Native extension for WindowsStandalone target not found
Refreshing native plugins compatible for Editor in 0.63 ms, found 0 plugins.
Preloading 0 native plugins for Editor in 0.00 ms.
Invoked RoslynAnalysisRunner static constructor.
RoslynAnalysisRunner will not be running.
RoslynAnalysisRunner has terminated.
Mono: successfully reloaded assembly
- Completed reload, in  0.851 seconds
Platform modules already initialized, skipping
Shader 'Universal Render Pipeline/Particles/Lit': fallback shader 'Universal Render Pipeline/Particles/SimpleLit' not found
Shader 'Universal Render Pipeline/Particles/Lit': fallback shader 'Universal Render Pipeline/Particles/SimpleLit' not found
Refreshing native plugins compatible for Editor in 0.52 ms, found 0 plugins.
Preloading 0 native plugins for Editor in 0.00 ms.
Unloading 2456 Unused Serialized files (Serialized files now loaded: 0)
System memory in use before: 115.7 MB.
System memory in use after: 112.6 MB.

Unloading 56 unused Assets to reduce memory usage. Loaded Objects now: 2959.
Total: 5.272700 ms (FindLiveObjects: 0.339200 ms CreateObjectMapping: 0.061000 ms MarkObjects: 2.523100 ms  DeleteObjects: 2.348000 ms)

========================================================================
Received Import Request.
  Time since last request: 126.218158 seconds.
  path: Assets/Prefabs/Player.prefab
  artifactKey: Guid(687857478bc8fc44ca04a2ef85fe53fb) Importer(815301076,1909f56bfc062723c751e8b465ee728b)
Start importing Assets/Prefabs/Player.prefab using Guid(687857478bc8fc44ca04a2ef85fe53fb) Importer(815301076,1909f56bfc062723c751e8b465ee728b)  -> (artifact id: '283291238f6d3bc9e782b563cd78e556') in 0.050453 seconds
  Import took 0.054496 seconds .

========================================================================
Received Import Request.
  Time since last request: 5.768056 seconds.
  path: Assets/Prefabs/Player.prefab
  artifactKey: Guid(687857478bc8fc44ca04a2ef85fe53fb) Importer(815301076,1909f56bfc062723c751e8b465ee728b)
Start importing Assets/Prefabs/Player.prefab using Guid(687857478bc8fc44ca04a2ef85fe53fb) Importer(815301076,1909f56bfc062723c751e8b465ee728b)  -> (artifact id: '105997cb271ec1564f94253e14a3ef48') in 0.027300 seconds
  Import took 0.031324 seconds .

========================================================================
Received Import Request.
  Time since last request: 2.996480 seconds.
  path: Assets/Prefabs/Player.prefab
  artifactKey: Guid(687857478bc8fc44ca04a2ef85fe53fb) Importer(815301076,1909f56bfc062723c751e8b465ee728b)
Start importing Assets/Prefabs/Player.prefab using Guid(687857478bc8fc44ca04a2ef85fe53fb) Importer(815301076,1909f56bfc062723c751e8b465ee728b)  -> (artifact id: '788e75c53be98047260c98b11783b07b') in 0.011836 seconds
  Import took 0.015709 seconds .

========================================================================
Received Import Request.
  Time since last request: 7.671777 seconds.
  path: Assets/Prefabs/Player.prefab
  artifactKey: Guid(687857478bc8fc44ca04a2ef85fe53fb) Importer(815301076,1909f56bfc062723c751e8b465ee728b)
Start importing Assets/Prefabs/Player.prefab using Guid(687857478bc8fc44ca04a2ef85fe53fb) Importer(815301076,1909f56bfc062723c751e8b465ee728b)  -> (artifact id: '5ed7f3e99c9ec08fa2fb0df69bbad714') in 0.010660 seconds
  Import took 0.014522 seconds .

========================================================================
Received Prepare
Registering precompiled user dll's ...
Registered in 0.000817 seconds.
Begin MonoManager ReloadAssembly
Native extension for WindowsStandalone target not found
Refreshing native plugins compatible for Editor in 0.43 ms, found 0 plugins.
Preloading 0 native plugins for Editor in 0.00 ms.
Invoked RoslynAnalysisRunner static constructor.
RoslynAnalysisRunner will not be running.
RoslynAnalysisRunner has terminated.
Mono: successfully reloaded assembly
- Completed reload, in  0.690 seconds
Platform modules already initialized, skipping
Shader 'Universal Render Pipeline/Particles/Lit': fallback shader 'Universal Render Pipeline/Particles/SimpleLit' not found
Shader 'Universal Render Pipeline/Particles/Lit': fallback shader 'Universal Render Pipeline/Particles/SimpleLit' not found
Refreshing native plugins compatible for Editor in 0.65 ms, found 0 plugins.
Preloading 0 native plugins for Editor in 0.00 ms.
Unloading 2456 Unused Serialized files (Serialized files now loaded: 0)
System memory in use before: 115.9 MB.
System memory in use after: 112.7 MB.

Unloading 56 unused Assets to reduce memory usage. Loaded Objects now: 2963.
Total: 3.811100 ms (FindLiveObjects: 0.307000 ms CreateObjectMapping: 0.064100 ms MarkObjects: 1.674800 ms  DeleteObjects: 1.764200 ms)

========================================================================
Received Import Request.
  Time since last request: 68.299187 seconds.
  path: Assets/Prefabs/Player.prefab
  artifactKey: Guid(687857478bc8fc44ca04a2ef85fe53fb) Importer(815301076,1909f56bfc062723c751e8b465ee728b)
Start importing Assets/Prefabs/Player.prefab using Guid(687857478bc8fc44ca04a2ef85fe53fb) Importer(815301076,1909f56bfc062723c751e8b465ee728b)  -> (artifact id: '6007574766961fdc301346f5fcc2adc9') in 0.050208 seconds
  Import took 0.054314 seconds .

========================================================================
Received Prepare
Registering precompiled user dll's ...
Registered in 0.000889 seconds.
Begin MonoManager ReloadAssembly
Native extension for WindowsStandalone target not found
Refreshing native plugins compatible for Editor in 0.73 ms, found 0 plugins.
Preloading 0 native plugins for Editor in 0.00 ms.
Invoked RoslynAnalysisRunner static constructor.
RoslynAnalysisRunner will not be running.
RoslynAnalysisRunner has terminated.
Mono: successfully reloaded assembly
- Completed reload, in  0.705 seconds
Platform modules already initialized, skipping
Shader 'Universal Render Pipeline/Particles/Lit': fallback shader 'Universal Render Pipeline/Particles/SimpleLit' not found
Shader 'Universal Render Pipeline/Particles/Lit': fallback shader 'Universal Render Pipeline/Particles/SimpleLit' not found
Refreshing native plugins compatible for Editor in 0.42 ms, found 0 plugins.
Preloading 0 native plugins for Editor in 0.00 ms.
Unloading 2456 Unused Serialized files (Serialized files now loaded: 0)
System memory in use before: 115.8 MB.
System memory in use after: 112.8 MB.

Unloading 56 unused Assets to reduce memory usage. Loaded Objects now: 2967.
Total: 3.723100 ms (FindLiveObjects: 0.251200 ms CreateObjectMapping: 0.069000 ms MarkObjects: 1.738100 ms  DeleteObjects: 1.663800 ms)

