Using pre-set license
Built from '2020.3/staging' branch; Version is '2020.3.0f1 (c7b5465681fb) revision 13088070'; Using compiler version '192528614'; Build Type 'Release'
OS: 'Windows 10 Pro; OS build 19042.985; Version 2009; 64bit' Language: 'ru' Physical Memory: 16334 MB
BatchMode: 1, IsHumanControllingUs: 0, StartBugReporterOnCrash: 0, Is64bit: 1, IsPro: 0

 COMMAND LINE ARGUMENTS:
D:\Unity\2020.3.0f1\Editor\Unity.exe
-adb2
-batchMode
-noUpm
-name
AssetImportWorker0
-projectPath
D:/UnityProjects/2021-test-1
-logFile
Logs/AssetImportWorker0.log
-srvPort
49411
Successfully changed project path to: D:/UnityProjects/2021-test-1
D:/UnityProjects/2021-test-1
Using Asset Import Pipeline V2.
Refreshing native plugins compatible for Editor in 40.56 ms, found 0 plugins.
Preloading 0 native plugins for Editor in 0.00 ms.
Initialize engine version: 2020.3.0f1 (c7b5465681fb)
[Subsystems] Discovering subsystems at path D:/Unity/2020.3.0f1/Editor/Data/Resources/UnitySubsystems
[Subsystems] Discovering subsystems at path D:/UnityProjects/2021-test-1/Assets
GfxDevice: creating device client; threaded=0
Direct3D:
    Version:  Direct3D 11.0 [level 11.0]
    Renderer: NVIDIA GeForce GTX 760 (ID=0x1187)
    Vendor:   
    VRAM:     2007 MB
    Driver:   27.21.14.6647
Initialize mono
Mono path[0] = 'D:/Unity/2020.3.0f1/Editor/Data/Managed'
Mono path[1] = 'D:/Unity/2020.3.0f1/Editor/Data/MonoBleedingEdge/lib/mono/unityjit'
Mono config path = 'D:/Unity/2020.3.0f1/Editor/Data/MonoBleedingEdge/etc'
Using monoOptions --debugger-agent=transport=dt_socket,embedding=1,server=y,suspend=n,address=127.0.0.1:56464
Begin MonoManager ReloadAssembly
Registering precompiled unity dll's ...
Register platform support module: D:/Unity/2020.3.0f1/Editor/Data/PlaybackEngines/WindowsStandaloneSupport/UnityEditor.WindowsStandalone.Extensions.dll
Registered in 0.000968 seconds.
Native extension for WindowsStandalone target not found
Refreshing native plugins compatible for Editor in 40.67 ms, found 0 plugins.
Preloading 0 native plugins for Editor in 0.00 ms.
Invoked RoslynAnalysisRunner static constructor.
RoslynAnalysisRunner will not be running.
RoslynAnalysisRunner has terminated.
Mono: successfully reloaded assembly
- Completed reload, in  1.159 seconds
Platform modules already initialized, skipping
Registering precompiled user dll's ...
Registered in 0.000685 seconds.
Begin MonoManager ReloadAssembly
Native extension for WindowsStandalone target not found
Refreshing native plugins compatible for Editor in 41.51 ms, found 0 plugins.
Preloading 0 native plugins for Editor in 0.00 ms.
Invoked RoslynAnalysisRunner static constructor.
RoslynAnalysisRunner will not be running.
RoslynAnalysisRunner has terminated.
Mono: successfully reloaded assembly
- Completed reload, in  0.786 seconds
Platform modules already initialized, skipping
========================================================================
Worker process is ready to serve import requests
Shader 'Universal Render Pipeline/Particles/Lit': fallback shader 'Universal Render Pipeline/Particles/SimpleLit' not found
Shader 'Universal Render Pipeline/Particles/Lit': fallback shader 'Universal Render Pipeline/Particles/SimpleLit' not found
Launched and connected shader compiler UnityShaderCompiler.exe after 0.03 seconds
Refreshing native plugins compatible for Editor in 0.43 ms, found 0 plugins.
Preloading 0 native plugins for Editor in 0.00 ms.
Unloading 2493 Unused Serialized files (Serialized files now loaded: 0)
System memory in use before: 115.0 MB.
System memory in use after: 111.9 MB.

Unloading 61 unused Assets to reduce memory usage. Loaded Objects now: 2887.
Total: 3.428500 ms (FindLiveObjects: 0.245800 ms CreateObjectMapping: 0.066500 ms MarkObjects: 1.705200 ms  DeleteObjects: 1.410200 ms)

========================================================================
Received Import Request.
  path: Assets/Prefabs/Player.prefab
  artifactKey: Guid(687857478bc8fc44ca04a2ef85fe53fb) Importer(815301076,1909f56bfc062723c751e8b465ee728b)
Start importing Assets/Prefabs/Player.prefab using Guid(687857478bc8fc44ca04a2ef85fe53fb) Importer(815301076,1909f56bfc062723c751e8b465ee728b)  -> (artifact id: '23f0afaad0f95aa4648784f1bc012522') in 0.098458 seconds
  Import took 0.102295 seconds .

========================================================================
Received Import Request.
  Time since last request: 62.427432 seconds.
  path: Assets/Scripts/СфьукфЬщмштп.cs
  artifactKey: Guid(60637e28a01b86a43b64113ee9fc8427) Importer(815301076,1909f56bfc062723c751e8b465ee728b)
Start importing Assets/Scripts/СфьукфЬщмштп.cs using Guid(60637e28a01b86a43b64113ee9fc8427) Importer(815301076,1909f56bfc062723c751e8b465ee728b)  -> (artifact id: 'f91bfbda237aa4175fc6864e63f0f197') in 0.009337 seconds
  Import took 0.013071 seconds .

========================================================================
Received Prepare
Registering precompiled user dll's ...
Registered in 0.000853 seconds.
Begin MonoManager ReloadAssembly
Native extension for WindowsStandalone target not found
Refreshing native plugins compatible for Editor in 0.51 ms, found 0 plugins.
Preloading 0 native plugins for Editor in 0.00 ms.
Invoked RoslynAnalysisRunner static constructor.
RoslynAnalysisRunner will not be running.
RoslynAnalysisRunner has terminated.
Mono: successfully reloaded assembly
- Completed reload, in  0.735 seconds
Platform modules already initialized, skipping
Shader 'Universal Render Pipeline/Particles/Lit': fallback shader 'Universal Render Pipeline/Particles/SimpleLit' not found
Shader 'Universal Render Pipeline/Particles/Lit': fallback shader 'Universal Render Pipeline/Particles/SimpleLit' not found
Refreshing native plugins compatible for Editor in 0.50 ms, found 0 plugins.
Preloading 0 native plugins for Editor in 0.00 ms.
Unloading 2456 Unused Serialized files (Serialized files now loaded: 0)
System memory in use before: 115.6 MB.
System memory in use after: 112.5 MB.

Unloading 56 unused Assets to reduce memory usage. Loaded Objects now: 2897.
Total: 3.525200 ms (FindLiveObjects: 0.238100 ms CreateObjectMapping: 0.062800 ms MarkObjects: 1.830600 ms  DeleteObjects: 1.392800 ms)

========================================================================
Received Prepare
Registering precompiled user dll's ...
Registered in 0.000883 seconds.
Begin MonoManager ReloadAssembly
Native extension for WindowsStandalone target not found
Refreshing native plugins compatible for Editor in 0.44 ms, found 0 plugins.
Preloading 0 native plugins for Editor in 0.00 ms.
Invoked RoslynAnalysisRunner static constructor.
RoslynAnalysisRunner will not be running.
RoslynAnalysisRunner has terminated.
Mono: successfully reloaded assembly
- Completed reload, in  0.691 seconds
Platform modules already initialized, skipping
Shader 'Universal Render Pipeline/Particles/Lit': fallback shader 'Universal Render Pipeline/Particles/SimpleLit' not found
Shader 'Universal Render Pipeline/Particles/Lit': fallback shader 'Universal Render Pipeline/Particles/SimpleLit' not found
Refreshing native plugins compatible for Editor in 0.43 ms, found 0 plugins.
Preloading 0 native plugins for Editor in 0.00 ms.
Unloading 2456 Unused Serialized files (Serialized files now loaded: 0)
System memory in use before: 115.6 MB.
System memory in use after: 112.5 MB.

Unloading 56 unused Assets to reduce memory usage. Loaded Objects now: 2900.
Total: 3.483100 ms (FindLiveObjects: 0.261800 ms CreateObjectMapping: 0.063800 ms MarkObjects: 1.530000 ms  DeleteObjects: 1.626300 ms)

========================================================================
Received Import Request.
  Time since last request: 13.473678 seconds.
  path: Assets/Scripts/CameraMoving.cs
  artifactKey: Guid(7323bd6f960a0d04990c18ed6ccfd491) Importer(815301076,1909f56bfc062723c751e8b465ee728b)
Start importing Assets/Scripts/CameraMoving.cs using Guid(7323bd6f960a0d04990c18ed6ccfd491) Importer(815301076,1909f56bfc062723c751e8b465ee728b)  -> (artifact id: '5cfe4f84c3ec373de0701a27a0d4aa6d') in 0.008527 seconds
  Import took 0.012331 seconds .

========================================================================
Received Prepare
Registering precompiled user dll's ...
Registered in 0.001052 seconds.
Begin MonoManager ReloadAssembly
Native extension for WindowsStandalone target not found
Refreshing native plugins compatible for Editor in 0.60 ms, found 0 plugins.
Preloading 0 native plugins for Editor in 0.00 ms.
Invoked RoslynAnalysisRunner static constructor.
RoslynAnalysisRunner will not be running.
RoslynAnalysisRunner has terminated.
Mono: successfully reloaded assembly
- Completed reload, in  0.702 seconds
Platform modules already initialized, skipping
Shader 'Universal Render Pipeline/Particles/Lit': fallback shader 'Universal Render Pipeline/Particles/SimpleLit' not found
Shader 'Universal Render Pipeline/Particles/Lit': fallback shader 'Universal Render Pipeline/Particles/SimpleLit' not found
Refreshing native plugins compatible for Editor in 0.43 ms, found 0 plugins.
Preloading 0 native plugins for Editor in 0.00 ms.
Unloading 2457 Unused Serialized files (Serialized files now loaded: 0)
System memory in use before: 115.7 MB.
System memory in use after: 112.6 MB.

Unloading 56 unused Assets to reduce memory usage. Loaded Objects now: 2904.
Total: 3.578900 ms (FindLiveObjects: 0.294200 ms CreateObjectMapping: 0.066300 ms MarkObjects: 1.474300 ms  DeleteObjects: 1.743200 ms)

========================================================================
Received Prepare
Registering precompiled user dll's ...
Registered in 0.000867 seconds.
Begin MonoManager ReloadAssembly
Native extension for WindowsStandalone target not found
Refreshing native plugins compatible for Editor in 0.42 ms, found 0 plugins.
Preloading 0 native plugins for Editor in 0.00 ms.
Invoked RoslynAnalysisRunner static constructor.
RoslynAnalysisRunner will not be running.
RoslynAnalysisRunner has terminated.
Mono: successfully reloaded assembly
- Completed reload, in  0.679 seconds
Platform modules already initialized, skipping
Shader 'Universal Render Pipeline/Particles/Lit': fallback shader 'Universal Render Pipeline/Particles/SimpleLit' not found
Shader 'Universal Render Pipeline/Particles/Lit': fallback shader 'Universal Render Pipeline/Particles/SimpleLit' not found
Refreshing native plugins compatible for Editor in 0.42 ms, found 0 plugins.
Preloading 0 native plugins for Editor in 0.00 ms.
Unloading 2457 Unused Serialized files (Serialized files now loaded: 0)
System memory in use before: 115.7 MB.
System memory in use after: 112.6 MB.

Unloading 56 unused Assets to reduce memory usage. Loaded Objects now: 2907.
Total: 3.712400 ms (FindLiveObjects: 0.231100 ms CreateObjectMapping: 0.061900 ms MarkObjects: 1.532000 ms  DeleteObjects: 1.886400 ms)

========================================================================
Received Prepare
Registering precompiled user dll's ...
Registered in 0.000897 seconds.
Begin MonoManager ReloadAssembly
Native extension for WindowsStandalone target not found
Refreshing native plugins compatible for Editor in 0.44 ms, found 0 plugins.
Preloading 0 native plugins for Editor in 0.00 ms.
Invoked RoslynAnalysisRunner static constructor.
RoslynAnalysisRunner will not be running.
RoslynAnalysisRunner has terminated.
Mono: successfully reloaded assembly
- Completed reload, in  0.673 seconds
Platform modules already initialized, skipping
Shader 'Universal Render Pipeline/Particles/Lit': fallback shader 'Universal Render Pipeline/Particles/SimpleLit' not found
Shader 'Universal Render Pipeline/Particles/Lit': fallback shader 'Universal Render Pipeline/Particles/SimpleLit' not found
Refreshing native plugins compatible for Editor in 0.47 ms, found 0 plugins.
Preloading 0 native plugins for Editor in 0.00 ms.
Unloading 2457 Unused Serialized files (Serialized files now loaded: 0)
System memory in use before: 115.6 MB.
System memory in use after: 112.5 MB.

Unloading 56 unused Assets to reduce memory usage. Loaded Objects now: 2910.
Total: 3.535700 ms (FindLiveObjects: 0.259600 ms CreateObjectMapping: 0.063000 ms MarkObjects: 1.472400 ms  DeleteObjects: 1.739700 ms)

========================================================================
Received Prepare
Registering precompiled user dll's ...
Registered in 0.000765 seconds.
Begin MonoManager ReloadAssembly
Native extension for WindowsStandalone target not found
Refreshing native plugins compatible for Editor in 0.42 ms, found 0 plugins.
Preloading 0 native plugins for Editor in 0.00 ms.
Invoked RoslynAnalysisRunner static constructor.
RoslynAnalysisRunner will not be running.
RoslynAnalysisRunner has terminated.
Mono: successfully reloaded assembly
- Completed reload, in  0.677 seconds
Platform modules already initialized, skipping
Shader 'Universal Render Pipeline/Particles/Lit': fallback shader 'Universal Render Pipeline/Particles/SimpleLit' not found
Shader 'Universal Render Pipeline/Particles/Lit': fallback shader 'Universal Render Pipeline/Particles/SimpleLit' not found
Refreshing native plugins compatible for Editor in 0.44 ms, found 0 plugins.
Preloading 0 native plugins for Editor in 0.00 ms.
Unloading 2457 Unused Serialized files (Serialized files now loaded: 0)
System memory in use before: 115.7 MB.
System memory in use after: 112.6 MB.

Unloading 56 unused Assets to reduce memory usage. Loaded Objects now: 2913.
Total: 3.440000 ms (FindLiveObjects: 0.245400 ms CreateObjectMapping: 0.069900 ms MarkObjects: 1.526300 ms  DeleteObjects: 1.597600 ms)

========================================================================
Received Prepare
Registering precompiled user dll's ...
Registered in 0.000861 seconds.
Begin MonoManager ReloadAssembly
Native extension for WindowsStandalone target not found
Refreshing native plugins compatible for Editor in 0.43 ms, found 0 plugins.
Preloading 0 native plugins for Editor in 0.00 ms.
Invoked RoslynAnalysisRunner static constructor.
RoslynAnalysisRunner will not be running.
RoslynAnalysisRunner has terminated.
Mono: successfully reloaded assembly
- Completed reload, in  0.672 seconds
Platform modules already initialized, skipping
Shader 'Universal Render Pipeline/Particles/Lit': fallback shader 'Universal Render Pipeline/Particles/SimpleLit' not found
Shader 'Universal Render Pipeline/Particles/Lit': fallback shader 'Universal Render Pipeline/Particles/SimpleLit' not found
Refreshing native plugins compatible for Editor in 0.41 ms, found 0 plugins.
Preloading 0 native plugins for Editor in 0.00 ms.
Unloading 2457 Unused Serialized files (Serialized files now loaded: 0)
System memory in use before: 115.7 MB.
System memory in use after: 112.7 MB.

Unloading 56 unused Assets to reduce memory usage. Loaded Objects now: 2916.
Total: 3.840500 ms (FindLiveObjects: 0.208600 ms CreateObjectMapping: 0.061400 ms MarkObjects: 1.811600 ms  DeleteObjects: 1.758100 ms)

========================================================================
Received Prepare
Registering precompiled user dll's ...
Registered in 0.000884 seconds.
Begin MonoManager ReloadAssembly
Native extension for WindowsStandalone target not found
Refreshing native plugins compatible for Editor in 0.43 ms, found 0 plugins.
Preloading 0 native plugins for Editor in 0.00 ms.
Invoked RoslynAnalysisRunner static constructor.
RoslynAnalysisRunner will not be running.
RoslynAnalysisRunner has terminated.
Mono: successfully reloaded assembly
- Completed reload, in  0.685 seconds
Platform modules already initialized, skipping
Shader 'Universal Render Pipeline/Particles/Lit': fallback shader 'Universal Render Pipeline/Particles/SimpleLit' not found
Shader 'Universal Render Pipeline/Particles/Lit': fallback shader 'Universal Render Pipeline/Particles/SimpleLit' not found
Refreshing native plugins compatible for Editor in 0.42 ms, found 0 plugins.
Preloading 0 native plugins for Editor in 0.00 ms.
Unloading 2457 Unused Serialized files (Serialized files now loaded: 0)
System memory in use before: 115.7 MB.
System memory in use after: 112.6 MB.

Unloading 56 unused Assets to reduce memory usage. Loaded Objects now: 2919.
Total: 3.741700 ms (FindLiveObjects: 0.235400 ms CreateObjectMapping: 0.073100 ms MarkObjects: 1.681100 ms  DeleteObjects: 1.750700 ms)

========================================================================
Received Prepare
Registering precompiled user dll's ...
Registered in 0.000858 seconds.
Begin MonoManager ReloadAssembly
Native extension for WindowsStandalone target not found
Refreshing native plugins compatible for Editor in 0.43 ms, found 0 plugins.
Preloading 0 native plugins for Editor in 0.00 ms.
Invoked RoslynAnalysisRunner static constructor.
RoslynAnalysisRunner will not be running.
RoslynAnalysisRunner has terminated.
Mono: successfully reloaded assembly
- Completed reload, in  0.663 seconds
Platform modules already initialized, skipping
Shader 'Universal Render Pipeline/Particles/Lit': fallback shader 'Universal Render Pipeline/Particles/SimpleLit' not found
Shader 'Universal Render Pipeline/Particles/Lit': fallback shader 'Universal Render Pipeline/Particles/SimpleLit' not found
Refreshing native plugins compatible for Editor in 0.42 ms, found 0 plugins.
Preloading 0 native plugins for Editor in 0.00 ms.
Unloading 2457 Unused Serialized files (Serialized files now loaded: 0)
System memory in use before: 115.7 MB.
System memory in use after: 112.7 MB.

Unloading 56 unused Assets to reduce memory usage. Loaded Objects now: 2922.
Total: 3.577500 ms (FindLiveObjects: 0.252000 ms CreateObjectMapping: 0.060900 ms MarkObjects: 1.651100 ms  DeleteObjects: 1.612600 ms)

========================================================================
Received Prepare
Registering precompiled user dll's ...
Registered in 0.000876 seconds.
Begin MonoManager ReloadAssembly
Native extension for WindowsStandalone target not found
Refreshing native plugins compatible for Editor in 0.42 ms, found 0 plugins.
Preloading 0 native plugins for Editor in 0.00 ms.
Invoked RoslynAnalysisRunner static constructor.
RoslynAnalysisRunner will not be running.
RoslynAnalysisRunner has terminated.
Mono: successfully reloaded assembly
- Completed reload, in  0.686 seconds
Platform modules already initialized, skipping
Shader 'Universal Render Pipeline/Particles/Lit': fallback shader 'Universal Render Pipeline/Particles/SimpleLit' not found
Shader 'Universal Render Pipeline/Particles/Lit': fallback shader 'Universal Render Pipeline/Particles/SimpleLit' not found
Refreshing native plugins compatible for Editor in 0.42 ms, found 0 plugins.
Preloading 0 native plugins for Editor in 0.00 ms.
Unloading 2457 Unused Serialized files (Serialized files now loaded: 0)
System memory in use before: 115.6 MB.
System memory in use after: 112.6 MB.

Unloading 56 unused Assets to reduce memory usage. Loaded Objects now: 2925.
Total: 3.701500 ms (FindLiveObjects: 0.220500 ms CreateObjectMapping: 0.061200 ms MarkObjects: 1.822800 ms  DeleteObjects: 1.595900 ms)

========================================================================
Received Prepare
Registering precompiled user dll's ...
Registered in 0.000880 seconds.
Begin MonoManager ReloadAssembly
Native extension for WindowsStandalone target not found
Refreshing native plugins compatible for Editor in 0.43 ms, found 0 plugins.
Preloading 0 native plugins for Editor in 0.00 ms.
Invoked RoslynAnalysisRunner static constructor.
RoslynAnalysisRunner will not be running.
RoslynAnalysisRunner has terminated.
Mono: successfully reloaded assembly
- Completed reload, in  0.670 seconds
Platform modules already initialized, skipping
Shader 'Universal Render Pipeline/Particles/Lit': fallback shader 'Universal Render Pipeline/Particles/SimpleLit' not found
Shader 'Universal Render Pipeline/Particles/Lit': fallback shader 'Universal Render Pipeline/Particles/SimpleLit' not found
Refreshing native plugins compatible for Editor in 0.47 ms, found 0 plugins.
Preloading 0 native plugins for Editor in 0.00 ms.
Unloading 2457 Unused Serialized files (Serialized files now loaded: 0)
System memory in use before: 115.7 MB.
System memory in use after: 112.7 MB.

Unloading 56 unused Assets to reduce memory usage. Loaded Objects now: 2928.
Total: 3.777100 ms (FindLiveObjects: 0.291600 ms CreateObjectMapping: 0.068600 ms MarkObjects: 1.753600 ms  DeleteObjects: 1.662400 ms)

========================================================================
Received Prepare
Registering precompiled user dll's ...
Registered in 0.000861 seconds.
Begin MonoManager ReloadAssembly
Native extension for WindowsStandalone target not found
Refreshing native plugins compatible for Editor in 0.43 ms, found 0 plugins.
Preloading 0 native plugins for Editor in 0.00 ms.
Invoked RoslynAnalysisRunner static constructor.
RoslynAnalysisRunner will not be running.
RoslynAnalysisRunner has terminated.
Mono: successfully reloaded assembly
- Completed reload, in  0.678 seconds
Platform modules already initialized, skipping
Shader 'Universal Render Pipeline/Particles/Lit': fallback shader 'Universal Render Pipeline/Particles/SimpleLit' not found
Shader 'Universal Render Pipeline/Particles/Lit': fallback shader 'Universal Render Pipeline/Particles/SimpleLit' not found
Refreshing native plugins compatible for Editor in 0.44 ms, found 0 plugins.
Preloading 0 native plugins for Editor in 0.00 ms.
Unloading 2457 Unused Serialized files (Serialized files now loaded: 0)
System memory in use before: 115.8 MB.
System memory in use after: 112.7 MB.

Unloading 56 unused Assets to reduce memory usage. Loaded Objects now: 2931.
Total: 4.066400 ms (FindLiveObjects: 0.263300 ms CreateObjectMapping: 0.076100 ms MarkObjects: 1.538700 ms  DeleteObjects: 2.187000 ms)

========================================================================
Received Prepare
Registering precompiled user dll's ...
Registered in 0.000874 seconds.
Begin MonoManager ReloadAssembly
Native extension for WindowsStandalone target not found
Refreshing native plugins compatible for Editor in 0.43 ms, found 0 plugins.
Preloading 0 native plugins for Editor in 0.00 ms.
Invoked RoslynAnalysisRunner static constructor.
RoslynAnalysisRunner will not be running.
RoslynAnalysisRunner has terminated.
Mono: successfully reloaded assembly
- Completed reload, in  0.686 seconds
Platform modules already initialized, skipping
Shader 'Universal Render Pipeline/Particles/Lit': fallback shader 'Universal Render Pipeline/Particles/SimpleLit' not found
Shader 'Universal Render Pipeline/Particles/Lit': fallback shader 'Universal Render Pipeline/Particles/SimpleLit' not found
Refreshing native plugins compatible for Editor in 0.46 ms, found 0 plugins.
Preloading 0 native plugins for Editor in 0.00 ms.
Unloading 2457 Unused Serialized files (Serialized files now loaded: 0)
System memory in use before: 115.8 MB.
System memory in use after: 112.7 MB.

Unloading 56 unused Assets to reduce memory usage. Loaded Objects now: 2934.
Total: 3.734400 ms (FindLiveObjects: 0.226000 ms CreateObjectMapping: 0.061400 ms MarkObjects: 1.822500 ms  DeleteObjects: 1.623400 ms)

========================================================================
Received Import Request.
  Time since last request: 826.579336 seconds.
  path: Assets/Prefabs/Enemy.prefab
  artifactKey: Guid(5798e379b4ca804468a847e0511197cc) Importer(815301076,1909f56bfc062723c751e8b465ee728b)
Start importing Assets/Prefabs/Enemy.prefab using Guid(5798e379b4ca804468a847e0511197cc) Importer(815301076,1909f56bfc062723c751e8b465ee728b)  -> (artifact id: 'bc0110154004a6a21b9dfaef12a574a9') in 0.070897 seconds
  Import took 0.075237 seconds .

========================================================================
Received Import Request.
  Time since last request: 0.005574 seconds.
  path: Assets/Prefabs/Enemy.prefab
  artifactKey: Guid(5798e379b4ca804468a847e0511197cc) Importer(815301076,1909f56bfc062723c751e8b465ee728b)
Start importing Assets/Prefabs/Enemy.prefab using Guid(5798e379b4ca804468a847e0511197cc) Importer(815301076,1909f56bfc062723c751e8b465ee728b)  -> (artifact id: 'bc0110154004a6a21b9dfaef12a574a9') in 0.014091 seconds
  Import took 0.018340 seconds .

========================================================================
Received Import Request.
  Time since last request: 11.797299 seconds.
  path: Assets/Prefabs/Enemy.prefab
  artifactKey: Guid(5798e379b4ca804468a847e0511197cc) Importer(815301076,1909f56bfc062723c751e8b465ee728b)
Start importing Assets/Prefabs/Enemy.prefab using Guid(5798e379b4ca804468a847e0511197cc) Importer(815301076,1909f56bfc062723c751e8b465ee728b)  -> (artifact id: 'a0fe7a8369e4588cae1c44b4983b02da') in 0.013638 seconds
  Import took 0.017465 seconds .

========================================================================
Received Import Request.
  Time since last request: 0.189296 seconds.
  path: Assets/Prefabs/Enemy.prefab
  artifactKey: Guid(5798e379b4ca804468a847e0511197cc) Importer(815301076,1909f56bfc062723c751e8b465ee728b)
Start importing Assets/Prefabs/Enemy.prefab using Guid(5798e379b4ca804468a847e0511197cc) Importer(815301076,1909f56bfc062723c751e8b465ee728b)  -> (artifact id: 'a54850dc0031387ec2d4048a106176de') in 0.010785 seconds
  Import took 0.014783 seconds .

========================================================================
Received Import Request.
  Time since last request: 23.944259 seconds.
  path: Assets/Prefabs/Enemy.prefab
  artifactKey: Guid(5798e379b4ca804468a847e0511197cc) Importer(815301076,1909f56bfc062723c751e8b465ee728b)
Start importing Assets/Prefabs/Enemy.prefab using Guid(5798e379b4ca804468a847e0511197cc) Importer(815301076,1909f56bfc062723c751e8b465ee728b)  -> (artifact id: '957a5590a76e7419ba9e1ef105c096f1') in 0.014543 seconds
  Import took 0.018142 seconds .

========================================================================
Received Import Request.
  Time since last request: 7.850760 seconds.
  path: Assets/Prefabs/Enemy.prefab
  artifactKey: Guid(5798e379b4ca804468a847e0511197cc) Importer(815301076,1909f56bfc062723c751e8b465ee728b)
Start importing Assets/Prefabs/Enemy.prefab using Guid(5798e379b4ca804468a847e0511197cc) Importer(815301076,1909f56bfc062723c751e8b465ee728b)  -> (artifact id: 'fa91eb19b132a1d62581ea3276ead14a') in 0.014703 seconds
  Import took 0.018698 seconds .

========================================================================
Received Import Request.
  Time since last request: 4.025166 seconds.
  path: Assets/Prefabs/Enemy.prefab
  artifactKey: Guid(5798e379b4ca804468a847e0511197cc) Importer(815301076,1909f56bfc062723c751e8b465ee728b)
Start importing Assets/Prefabs/Enemy.prefab using Guid(5798e379b4ca804468a847e0511197cc) Importer(815301076,1909f56bfc062723c751e8b465ee728b)  -> (artifact id: 'a499e7d293ce3e21c870402964f15e95') in 0.011160 seconds
  Import took 0.015065 seconds .

========================================================================
Received Import Request.
  Time since last request: 4.832372 seconds.
  path: Assets/Prefabs/Enemy.prefab
  artifactKey: Guid(5798e379b4ca804468a847e0511197cc) Importer(815301076,1909f56bfc062723c751e8b465ee728b)
Start importing Assets/Prefabs/Enemy.prefab using Guid(5798e379b4ca804468a847e0511197cc) Importer(815301076,1909f56bfc062723c751e8b465ee728b)  -> (artifact id: '8898b771a744ddf4692475a0c5242913') in 0.010122 seconds
  Import took 0.014298 seconds .

========================================================================
Received Import Request.
  Time since last request: 7.095164 seconds.
  path: Assets/Prefabs/Enemy.prefab
  artifactKey: Guid(5798e379b4ca804468a847e0511197cc) Importer(815301076,1909f56bfc062723c751e8b465ee728b)
Start importing Assets/Prefabs/Enemy.prefab using Guid(5798e379b4ca804468a847e0511197cc) Importer(815301076,1909f56bfc062723c751e8b465ee728b)  -> (artifact id: '32760d54376468f7cf9d75941be37749') in 0.014601 seconds
  Import took 0.018596 seconds .

========================================================================
Received Import Request.
  Time since last request: 3.415181 seconds.
  path: Assets/Prefabs/Enemy.prefab
  artifactKey: Guid(5798e379b4ca804468a847e0511197cc) Importer(815301076,1909f56bfc062723c751e8b465ee728b)
Start importing Assets/Prefabs/Enemy.prefab using Guid(5798e379b4ca804468a847e0511197cc) Importer(815301076,1909f56bfc062723c751e8b465ee728b)  -> (artifact id: '01a9d8d004c4997d7503969090209f08') in 0.012875 seconds
  Import took 0.016685 seconds .

========================================================================
Received Import Request.
  Time since last request: 3.611526 seconds.
  path: Assets/Prefabs/Enemy.prefab
  artifactKey: Guid(5798e379b4ca804468a847e0511197cc) Importer(815301076,1909f56bfc062723c751e8b465ee728b)
Start importing Assets/Prefabs/Enemy.prefab using Guid(5798e379b4ca804468a847e0511197cc) Importer(815301076,1909f56bfc062723c751e8b465ee728b)  -> (artifact id: '8e8858653bb10bb43d8e3b6e96e93991') in 0.012245 seconds
  Import took 0.016238 seconds .

========================================================================
Received Import Request.
  Time since last request: 3.423898 seconds.
  path: Assets/Prefabs/Enemy.prefab
  artifactKey: Guid(5798e379b4ca804468a847e0511197cc) Importer(815301076,1909f56bfc062723c751e8b465ee728b)
Start importing Assets/Prefabs/Enemy.prefab using Guid(5798e379b4ca804468a847e0511197cc) Importer(815301076,1909f56bfc062723c751e8b465ee728b)  -> (artifact id: 'db7456bc15d7d0380b5ccb9cc73942d7') in 0.012987 seconds
  Import took 0.017046 seconds .

========================================================================
Received Import Request.
  Time since last request: 3.832115 seconds.
  path: Assets/Prefabs/Enemy.prefab
  artifactKey: Guid(5798e379b4ca804468a847e0511197cc) Importer(815301076,1909f56bfc062723c751e8b465ee728b)
Start importing Assets/Prefabs/Enemy.prefab using Guid(5798e379b4ca804468a847e0511197cc) Importer(815301076,1909f56bfc062723c751e8b465ee728b)  -> (artifact id: '12bd6e5a5b01e6012b3b6c26fc6c13aa') in 0.012844 seconds
  Import took 0.016650 seconds .

========================================================================
Received Import Request.
  Time since last request: 0.788851 seconds.
  path: Assets/Prefabs/Enemy.prefab
  artifactKey: Guid(5798e379b4ca804468a847e0511197cc) Importer(815301076,1909f56bfc062723c751e8b465ee728b)
Start importing Assets/Prefabs/Enemy.prefab using Guid(5798e379b4ca804468a847e0511197cc) Importer(815301076,1909f56bfc062723c751e8b465ee728b)  -> (artifact id: '88756c9c395674901f7d46f622c6ccfe') in 0.013286 seconds
  Import took 0.017618 seconds .

========================================================================
Received Import Request.
  Time since last request: 5.054379 seconds.
  path: Assets/Prefabs/Enemy.prefab
  artifactKey: Guid(5798e379b4ca804468a847e0511197cc) Importer(815301076,1909f56bfc062723c751e8b465ee728b)
Start importing Assets/Prefabs/Enemy.prefab using Guid(5798e379b4ca804468a847e0511197cc) Importer(815301076,1909f56bfc062723c751e8b465ee728b)  -> (artifact id: '8834e4fe25dab9084218afd18bb3936d') in 0.012825 seconds
  Import took 0.016521 seconds .

========================================================================
Received Import Request.
  Time since last request: 1.574695 seconds.
  path: Assets/Prefabs/Enemy.prefab
  artifactKey: Guid(5798e379b4ca804468a847e0511197cc) Importer(815301076,1909f56bfc062723c751e8b465ee728b)
Start importing Assets/Prefabs/Enemy.prefab using Guid(5798e379b4ca804468a847e0511197cc) Importer(815301076,1909f56bfc062723c751e8b465ee728b)  -> (artifact id: '5eedf21b456b55c008b73d7db6aa6683') in 0.014906 seconds
  Import took 0.018723 seconds .

========================================================================
Received Import Request.
  Time since last request: 1.209754 seconds.
  path: Assets/Prefabs/Enemy.prefab
  artifactKey: Guid(5798e379b4ca804468a847e0511197cc) Importer(815301076,1909f56bfc062723c751e8b465ee728b)
Start importing Assets/Prefabs/Enemy.prefab using Guid(5798e379b4ca804468a847e0511197cc) Importer(815301076,1909f56bfc062723c751e8b465ee728b)  -> (artifact id: '2d363b4fdaf179e60c53d5d6d3891fb8') in 0.012156 seconds
  Import took 0.015983 seconds .

========================================================================
Received Import Request.
  Time since last request: 3.389334 seconds.
  path: Assets/Prefabs/Enemy.prefab
  artifactKey: Guid(5798e379b4ca804468a847e0511197cc) Importer(815301076,1909f56bfc062723c751e8b465ee728b)
Start importing Assets/Prefabs/Enemy.prefab using Guid(5798e379b4ca804468a847e0511197cc) Importer(815301076,1909f56bfc062723c751e8b465ee728b)  -> (artifact id: 'c5e129077b0d538f4bc7c600f89e88c4') in 0.012952 seconds
  Import took 0.017109 seconds .

========================================================================
Received Import Request.
  Time since last request: 5.010229 seconds.
  path: Assets/Prefabs/Enemy.prefab
  artifactKey: Guid(5798e379b4ca804468a847e0511197cc) Importer(815301076,1909f56bfc062723c751e8b465ee728b)
Start importing Assets/Prefabs/Enemy.prefab using Guid(5798e379b4ca804468a847e0511197cc) Importer(815301076,1909f56bfc062723c751e8b465ee728b)  -> (artifact id: '34da780dc4e63b5195dfcc938c3eefe6') in 0.014177 seconds
  Import took 0.018082 seconds .

========================================================================
Received Import Request.
  Time since last request: 10.660513 seconds.
  path: Assets/Prefabs/Enemy.prefab
  artifactKey: Guid(5798e379b4ca804468a847e0511197cc) Importer(815301076,1909f56bfc062723c751e8b465ee728b)
Start importing Assets/Prefabs/Enemy.prefab using Guid(5798e379b4ca804468a847e0511197cc) Importer(815301076,1909f56bfc062723c751e8b465ee728b)  -> (artifact id: '4a76fde359cb53b564c2a2fa17f80a21') in 0.012939 seconds
  Import took 0.016881 seconds .

========================================================================
Received Import Request.
  Time since last request: 1.999395 seconds.
  path: Assets/Prefabs/Enemy.prefab
  artifactKey: Guid(5798e379b4ca804468a847e0511197cc) Importer(815301076,1909f56bfc062723c751e8b465ee728b)
Start importing Assets/Prefabs/Enemy.prefab using Guid(5798e379b4ca804468a847e0511197cc) Importer(815301076,1909f56bfc062723c751e8b465ee728b)  -> (artifact id: '9a90fc3614418556a4df04e0403886e3') in 0.014085 seconds
  Import took 0.018240 seconds .

========================================================================
Received Import Request.
  Time since last request: 0.178602 seconds.
  path: Assets/Prefabs/Enemy.prefab
  artifactKey: Guid(5798e379b4ca804468a847e0511197cc) Importer(815301076,1909f56bfc062723c751e8b465ee728b)
Start importing Assets/Prefabs/Enemy.prefab using Guid(5798e379b4ca804468a847e0511197cc) Importer(815301076,1909f56bfc062723c751e8b465ee728b)  -> (artifact id: '09222c4c7580d5d37d5d3209ad7f503a') in 0.013001 seconds
  Import took 0.032339 seconds .

========================================================================
Received Import Request.
  Time since last request: 1.993096 seconds.
  path: Assets/Prefabs/Enemy.prefab
  artifactKey: Guid(5798e379b4ca804468a847e0511197cc) Importer(815301076,1909f56bfc062723c751e8b465ee728b)
Start importing Assets/Prefabs/Enemy.prefab using Guid(5798e379b4ca804468a847e0511197cc) Importer(815301076,1909f56bfc062723c751e8b465ee728b)  -> (artifact id: 'f12f1a5177a388b12f8f0554ec6b9da2') in 0.013667 seconds
  Import took 0.017656 seconds .

========================================================================
Received Import Request.
  Time since last request: 7.462596 seconds.
  path: Assets/Prefabs/Enemy.prefab
  artifactKey: Guid(5798e379b4ca804468a847e0511197cc) Importer(815301076,1909f56bfc062723c751e8b465ee728b)
Start importing Assets/Prefabs/Enemy.prefab using Guid(5798e379b4ca804468a847e0511197cc) Importer(815301076,1909f56bfc062723c751e8b465ee728b)  -> (artifact id: 'ce9763bf765b163101ad9fa719771afa') in 0.012927 seconds
  Import took 0.016928 seconds .

========================================================================
Received Import Request.
  Time since last request: 3.010592 seconds.
  path: Assets/Prefabs/Enemy.prefab
  artifactKey: Guid(5798e379b4ca804468a847e0511197cc) Importer(815301076,1909f56bfc062723c751e8b465ee728b)
Start importing Assets/Prefabs/Enemy.prefab using Guid(5798e379b4ca804468a847e0511197cc) Importer(815301076,1909f56bfc062723c751e8b465ee728b)  -> (artifact id: '97abe0d4ddc809e9157e04d397314e55') in 0.013196 seconds
  Import took 0.017184 seconds .

========================================================================
Received Import Request.
  Time since last request: 1.618575 seconds.
  path: Assets/Prefabs/Enemy.prefab
  artifactKey: Guid(5798e379b4ca804468a847e0511197cc) Importer(815301076,1909f56bfc062723c751e8b465ee728b)
Start importing Assets/Prefabs/Enemy.prefab using Guid(5798e379b4ca804468a847e0511197cc) Importer(815301076,1909f56bfc062723c751e8b465ee728b)  -> (artifact id: '6d22b3492bce0a0167763a7f9f5046d6') in 0.013560 seconds
  Import took 0.017395 seconds .

========================================================================
Received Import Request.
  Time since last request: 2.920329 seconds.
  path: Assets/Materials/Bullet.mat
  artifactKey: Guid(be8e697007752a94a8b7414cbf82d55d) Importer(815301076,1909f56bfc062723c751e8b465ee728b)
Start importing Assets/Materials/Bullet.mat using Guid(be8e697007752a94a8b7414cbf82d55d) Importer(815301076,1909f56bfc062723c751e8b465ee728b)  -> (artifact id: '51389f0f523381b7b14018bb2b3b599b') in 0.023413 seconds
  Import took 0.027426 seconds .

========================================================================
Received Import Request.
  Time since last request: 9.222378 seconds.
  path: Assets/Materials/HealthBar.mat
  artifactKey: Guid(937e51d8baa158242a569a7b136fe14e) Importer(815301076,1909f56bfc062723c751e8b465ee728b)
Start importing Assets/Materials/HealthBar.mat using Guid(937e51d8baa158242a569a7b136fe14e) Importer(815301076,1909f56bfc062723c751e8b465ee728b)  -> (artifact id: '4ff362bd9fc1523e96b2ca221e4c4c5b') in 0.013361 seconds
  Import took 0.017100 seconds .

========================================================================
Received Prepare
Registering precompiled user dll's ...
Registered in 0.000911 seconds.
Begin MonoManager ReloadAssembly
Native extension for WindowsStandalone target not found
Refreshing native plugins compatible for Editor in 0.44 ms, found 0 plugins.
Preloading 0 native plugins for Editor in 0.00 ms.
Invoked RoslynAnalysisRunner static constructor.
RoslynAnalysisRunner will not be running.
RoslynAnalysisRunner has terminated.
Mono: successfully reloaded assembly
- Completed reload, in  0.663 seconds
Platform modules already initialized, skipping
Shader 'Universal Render Pipeline/Particles/Lit': fallback shader 'Universal Render Pipeline/Particles/SimpleLit' not found
Shader 'Universal Render Pipeline/Particles/Lit': fallback shader 'Universal Render Pipeline/Particles/SimpleLit' not found
Refreshing native plugins compatible for Editor in 0.41 ms, found 0 plugins.
Preloading 0 native plugins for Editor in 0.00 ms.
Unloading 2457 Unused Serialized files (Serialized files now loaded: 0)
System memory in use before: 116.2 MB.
System memory in use after: 113.1 MB.

Unloading 57 unused Assets to reduce memory usage. Loaded Objects now: 2973.
Total: 3.779600 ms (FindLiveObjects: 0.277600 ms CreateObjectMapping: 0.064900 ms MarkObjects: 1.881500 ms  DeleteObjects: 1.554200 ms)

========================================================================
Received Prepare
Registering precompiled user dll's ...
Registered in 0.000904 seconds.
Begin MonoManager ReloadAssembly
Native extension for WindowsStandalone target not found
Refreshing native plugins compatible for Editor in 0.42 ms, found 0 plugins.
Preloading 0 native plugins for Editor in 0.00 ms.
Invoked RoslynAnalysisRunner static constructor.
RoslynAnalysisRunner will not be running.
RoslynAnalysisRunner has terminated.
Mono: successfully reloaded assembly
- Completed reload, in  0.659 seconds
Platform modules already initialized, skipping
Shader 'Universal Render Pipeline/Particles/Lit': fallback shader 'Universal Render Pipeline/Particles/SimpleLit' not found
Shader 'Universal Render Pipeline/Particles/Lit': fallback shader 'Universal Render Pipeline/Particles/SimpleLit' not found
Refreshing native plugins compatible for Editor in 0.44 ms, found 0 plugins.
Preloading 0 native plugins for Editor in 0.00 ms.
Unloading 2457 Unused Serialized files (Serialized files now loaded: 0)
System memory in use before: 116.1 MB.
System memory in use after: 113.0 MB.

Unloading 56 unused Assets to reduce memory usage. Loaded Objects now: 2976.
Total: 3.572500 ms (FindLiveObjects: 0.251400 ms CreateObjectMapping: 0.067100 ms MarkObjects: 1.646300 ms  DeleteObjects: 1.607000 ms)

========================================================================
Received Import Request.
  Time since last request: 355.496328 seconds.
  path: Assets/Materials/HealthBarBack.mat
  artifactKey: Guid(6b72eefacfce99847889dc3697cc9adc) Importer(815301076,1909f56bfc062723c751e8b465ee728b)
Start importing Assets/Materials/HealthBarBack.mat using Guid(6b72eefacfce99847889dc3697cc9adc) Importer(815301076,1909f56bfc062723c751e8b465ee728b)  -> (artifact id: '143feaf440c88c2e7e2934f91b76e804') in 0.045293 seconds
  Import took 0.065370 seconds .

========================================================================
Received Import Request.
  Time since last request: 5.027459 seconds.
  path: Assets/Prefabs/Enemy.prefab
  artifactKey: Guid(5798e379b4ca804468a847e0511197cc) Importer(815301076,1909f56bfc062723c751e8b465ee728b)
Start importing Assets/Prefabs/Enemy.prefab using Guid(5798e379b4ca804468a847e0511197cc) Importer(815301076,1909f56bfc062723c751e8b465ee728b)  -> (artifact id: '3ee00de72a719c3aebf184cf8b2c101c') in 0.024149 seconds
  Import took 0.028205 seconds .

========================================================================
Received Import Request.
  Time since last request: 0.000163 seconds.
  path: Assets/Prefabs/Player.prefab
  artifactKey: Guid(687857478bc8fc44ca04a2ef85fe53fb) Importer(815301076,1909f56bfc062723c751e8b465ee728b)
Start importing Assets/Prefabs/Player.prefab using Guid(687857478bc8fc44ca04a2ef85fe53fb) Importer(815301076,1909f56bfc062723c751e8b465ee728b)  -> (artifact id: '58550fb9b549231ee33d82052d62fc84') in 0.010481 seconds
  Import took 0.013766 seconds .

========================================================================
Received Prepare
Registering precompiled user dll's ...
Registered in 0.000796 seconds.
Begin MonoManager ReloadAssembly
Native extension for WindowsStandalone target not found
Refreshing native plugins compatible for Editor in 0.43 ms, found 0 plugins.
Preloading 0 native plugins for Editor in 0.00 ms.
Invoked RoslynAnalysisRunner static constructor.
RoslynAnalysisRunner will not be running.
RoslynAnalysisRunner has terminated.
Mono: successfully reloaded assembly
- Completed reload, in  0.679 seconds
Platform modules already initialized, skipping
Shader 'Universal Render Pipeline/Particles/Lit': fallback shader 'Universal Render Pipeline/Particles/SimpleLit' not found
Shader 'Universal Render Pipeline/Particles/Lit': fallback shader 'Universal Render Pipeline/Particles/SimpleLit' not found
Refreshing native plugins compatible for Editor in 0.45 ms, found 0 plugins.
Preloading 0 native plugins for Editor in 0.00 ms.
Unloading 2457 Unused Serialized files (Serialized files now loaded: 0)
System memory in use before: 116.2 MB.
System memory in use after: 113.1 MB.

Unloading 57 unused Assets to reduce memory usage. Loaded Objects now: 2980.
Total: 4.937500 ms (FindLiveObjects: 0.440400 ms CreateObjectMapping: 0.078900 ms MarkObjects: 2.289900 ms  DeleteObjects: 2.126300 ms)

